============================= test session starts ==============================
platform linux -- Python 3.13.3, pytest-8.4.0, pluggy-1.6.0
rootdir: /workspace/DataDrill
configfile: pyproject.toml
collected 11 items

tests/test_field_function.py ...                                         [ 27%]
tests/test_fields.py ......                                              [ 81%]
tests/test_map.py ..                                                     [100%]

============================== 11 passed in 0.44s ==============================
